<?xml version="1.0" encoding="UTF-8"?>
<!-- Generated by org.testng.reporters.JUnitXMLReporter -->
<testsuite ignored="0" hostname="LAPTOP-ALLOTLPS" failures="0" tests="12" name="Test" time="2.145" errors="0" timestamp="2023-06-15T19:40:13 ICT">
  <testcase classname="com.api.auto.testcase.TC_API_Login" name="TC01_ValidateStatus" time="0.004"/>
  <testcase classname="com.api.auto.testcase.TC_API_Login" name="TC02_ValidateMessage" time="0.385"/>
  <testcase classname="com.api.auto.testcase.TC_API_Login" name="TC03_ValidateToken" time="0.021"/>
  <testcase classname="com.api.auto.testcase.TC_API_Login" name="TC04_ValidateUser" time="0.001"/>
  <testcase classname="com.api.auto.testcase.TC_API_Login" name="TC05_ValidateAccount" time="0.012"/>
  <testcase classname="com.api.auto.testcase.TC_API_Login" name="TC06_ValidatePassword" time="0.014"/>
  <testcase classname="com.api.auto.testcase.TC_API_Login" name="TC07_ValidateType" time="0.013"/>
  <testcase classname="com.api.auto.testcase.TC_API_CreateWork" name="TC01_Validate201Created" time="0.001"/>
  <testcase classname="com.api.auto.testcase.TC_API_CreateWork" name="TC02_ValidateWorkId" time="0.001"/>
  <testcase classname="com.api.auto.testcase.TC_API_CreateWork" name="TC03_ValidateNameOfWorkMatched" time="0.009"/>
  <testcase classname="com.api.auto.testcase.TC_API_CreateWork" name="TC03_ValidateExperienceMatched" time="0.006"/>
  <testcase classname="com.api.auto.testcase.TC_API_CreateWork" name="TC03_ValidateEducationMatched" time="0.007"/>
</testsuite> <!-- Test -->
